<?xml version="1.0" encoding="UTF-8"?>
<!-- Generated by org.testng.reporters.JUnitReportReporter -->
<testsuite hostname="LAPTOP-LRF84BSB" failures="0" tests="1" name="com.selgrid.GoogleHomePageTest" time="6.828" errors="0" timestamp="2024-05-25T11:39:46 IST" skipped="0">
  <testcase classname="com.selgrid.GoogleHomePageTest" name="test" time="6.828"/>
  <system-out/>
</testsuite> <!-- com.selgrid.GoogleHomePageTest -->
